<?xml version="1.0" encoding="UTF-8"?>
<!-- Generated by org.testng.reporters.JUnitReportReporter -->
<testsuite hostname="KGFSLWS719" name="org.functional.Runner.RunCukesTest" tests="1" failures="0" timestamp="16 Jun 2016 09:28:09 GMT" time="0.320" errors="0">
  <testcase name="run_cukes" time="0.320" classname="org.functional.Runner.RunCukesTest"/>
</testsuite> <!-- org.functional.Runner.RunCukesTest -->
